<?xml version="1.0" encoding="UTF-8"?>
<!-- Generated by org.testng.reporters.JUnitReportReporter -->
<testsuite skipped="0" hostname="VAIO" name="com.mt.modules.Launch" tests="1" failures="0" timestamp="01 Sep 2019 16:11:54 GMT" time="28.030" errors="0">
  <testcase name="executeLaunch" time="28.030" classname="com.mt.modules.Launch"/>
</testsuite> <!-- com.mt.modules.Launch -->
