<?xml version="1.0" encoding="UTF-8"?>
<!-- Generated by org.testng.reporters.JUnitReportReporter -->
<testsuite skipped="0" hostname="VAIO" name="com.mt.utility.CloseBrowser" tests="1" failures="0" timestamp="01 Sep 2019 16:13:37 GMT" time="1.035" errors="0">
  <testcase name="closeBrowser" time="1.035" classname="com.mt.utility.CloseBrowser"/>
</testsuite> <!-- com.mt.utility.CloseBrowser -->
