<?xml version="1.0" encoding="UTF-8"?>
<!-- Generated by org.testng.reporters.JUnitReportReporter -->
<testsuite skipped="0" hostname="VAIO" name="com.mt.modules.Login" tests="1" failures="0" timestamp="01 Sep 2019 16:13:37 GMT" time="5.997" errors="0">
  <testcase name="executeLogin" time="5.997" classname="com.mt.modules.Login"/>
</testsuite> <!-- com.mt.modules.Login -->
